<?xml version="1.0" encoding="UTF-8"?>
<!-- Generated by org.testng.reporters.JUnitXMLReporter -->
<testsuite ignored="0" hostname="Rahuls-MacBook-Pro.local" failures="1" tests="1" name="Purplle - App Crash Scenario"
           time="45.198" errors="0" timestamp="17 Feb 2019 17:15:01 GMT">
    <testcase classname="com.app.purplle.tests.AppCrash" name="app_Crash_Scenario" time="20.166">
        <failure type="org.openqa.selenium.TimeoutException"
                 message="Expected condition failed: waiting for visibility of element located by By.id: com.manash.purplle:id/login_button (tried for 20 second(s) with 500 milliseconds interval)">
            <![CDATA[org.openqa.selenium.TimeoutException: Expected condition failed: waiting for visibility of element located by By.id: com.manash.purplle:id/login_button (tried for 20 second(s) with 500 milliseconds interval)
	at org.openqa.selenium.support.ui.WebDriverWait.timeoutException(WebDriverWait.java:95)
	at org.openqa.selenium.support.ui.FluentWait.until(FluentWait.java:272)
	at com.app.purplle.base.BasePage.waitForElementsVisibility(BasePage.java:62)
	at com.app.purplle.pages.Login.waitForLoginScreen(Login.java:18)
	at com.app.purplle.tests.AppCrash.app_Crash_Scenario(AppCrash.java:14)
Caused by: org.openqa.selenium.NoSuchElementException: An element could not be located on the page using the given search parameters.
For documentation on this error, please visit: https://www.seleniumhq.org/exceptions/no_such_element.html
Build info: version: '3.141.59', revision: 'e82be7d358', time: '2018-11-14T08:17:03'
System info: host: 'Rahuls-MacBook-Pro.local', ip: '192.168.29.5', os.name: 'Mac OS X', os.arch: 'x86_64', os.version: '10.14.3', java.version: '9.0.4'
Driver info: io.appium.java_client.android.AndroidDriver
Capabilities {appActivity: com.manash.purplle.activity..., appPackage: com.manash.purplle, automationName: UiAutomator2, databaseEnabled: false, desired: {appActivity: com.manash.purplle.activity..., appPackage: com.manash.purplle, automationName: UiAutomator2, deviceName: Galaxy J6+, noReset: false, platformName: android, skipDeviceInitialization: true, skipServerInstallation: true, udid: 95a89620}, deviceApiLevel: 27, deviceManufacturer: samsung, deviceModel: SM-J610F, deviceName: 95a89620, deviceScreenDensity: 320, deviceScreenSize: 720x1480, deviceUDID: 95a89620, javascriptEnabled: true, locationContextEnabled: false, networkConnectionEnabled: true, noReset: false, pixelRatio: 2, platform: LINUX, platformName: Android, platformVersion: 8.1.0, skipDeviceInitialization: true, skipServerInstallation: true, statBarHeight: 48, takesScreenshot: true, udid: 95a89620, viewportRect: {height: 1336, left: 0, top: 48, width: 720}, warnings: {}, webStorageEnabled: false}
Session ID: 28bff5d4-056f-410c-8f2b-7d7e41a99a73
*** Element info: {Using=id, value=com.manash.purplle:id/login_button}
	at org.openqa.selenium.remote.http.W3CHttpResponseCodec.createException(W3CHttpResponseCodec.java:187)
	at org.openqa.selenium.remote.http.W3CHttpResponseCodec.decode(W3CHttpResponseCodec.java:122)
	at org.openqa.selenium.remote.http.W3CHttpResponseCodec.decode(W3CHttpResponseCodec.java:49)
	at org.openqa.selenium.remote.HttpCommandExecutor.execute(HttpCommandExecutor.java:158)
	at io.appium.java_client.remote.AppiumCommandExecutor.execute(AppiumCommandExecutor.java:239)
	at org.openqa.selenium.remote.RemoteWebDriver.execute(RemoteWebDriver.java:548)
	at io.appium.java_client.DefaultGenericMobileDriver.execute(DefaultGenericMobileDriver.java:42)
	at io.appium.java_client.AppiumDriver.execute(AppiumDriver.java:1)
	at io.appium.java_client.android.AndroidDriver.execute(AndroidDriver.java:1)
	at org.openqa.selenium.remote.RemoteWebDriver.findElement(RemoteWebDriver.java:322)
	at io.appium.java_client.DefaultGenericMobileDriver.findElement(DefaultGenericMobileDriver.java:62)
	at io.appium.java_client.AppiumDriver.findElement(AppiumDriver.java:1)
	at io.appium.java_client.android.AndroidDriver.findElement(AndroidDriver.java:1)
	at org.openqa.selenium.remote.RemoteWebDriver.findElementById(RemoteWebDriver.java:368)
	at io.appium.java_client.DefaultGenericMobileDriver.findElementById(DefaultGenericMobileDriver.java:70)
	at io.appium.java_client.AppiumDriver.findElementById(AppiumDriver.java:1)
	at io.appium.java_client.android.AndroidDriver.findElementById(AndroidDriver.java:1)
	at org.openqa.selenium.By$ById.findElement(By.java:188)
	at org.openqa.selenium.remote.RemoteWebDriver.findElement(RemoteWebDriver.java:314)
	at io.appium.java_client.DefaultGenericMobileDriver.findElement(DefaultGenericMobileDriver.java:58)
	at io.appium.java_client.AppiumDriver.findElement(AppiumDriver.java:1)
	at io.appium.java_client.android.AndroidDriver.findElement(AndroidDriver.java:1)
	at org.openqa.selenium.support.ui.ExpectedConditions$7.apply(ExpectedConditions.java:205)
	at org.openqa.selenium.support.ui.ExpectedConditions$7.apply(ExpectedConditions.java:201)
	at org.openqa.selenium.support.ui.FluentWait.until(FluentWait.java:249)
	... 27 more
... Removed 27 stack frames]]>
        </failure>
    </testcase> <!-- app_Crash_Scenario -->
</testsuite> <!-- Purplle - App Crash Scenario -->
